INFO - 
--------- Loss ---------
INFO - Name : pairwise
INFO - eta : 20
INFO - margin : 5
INFO - 
------ Optimizer -----
INFO - Name : adam
INFO - lr : 0.0001
INFO - 
------ Initializer -----
INFO - Name : xavier
INFO - uniform : False
INFO - 
--------- Loss ---------
INFO - Name : pairwise
INFO - eta : 20
INFO - margin : 5
INFO - 
------ Optimizer -----
INFO - Name : adam
INFO - lr : 0.0001
INFO - 
------ Initializer -----
INFO - Name : xavier
INFO - uniform : False
INFO - Will load model transE_test1.pkl.
INFO - 
--------- Loss ---------
INFO - Name : pairwise
INFO - eta : 20
INFO - margin : 5
INFO - 
------ Optimizer -----
INFO - Name : adam
INFO - lr : 0.0001
INFO - 
------ Initializer -----
INFO - Name : xavier
INFO - uniform : False
INFO - Will load model transE_test1.pkl.
INFO - 
--------- Loss ---------
INFO - Name : pairwise
INFO - eta : 20
INFO - margin : 5
INFO - 
------ Optimizer -----
INFO - Name : adam
INFO - lr : 0.0001
INFO - 
------ Initializer -----
INFO - Name : xavier
INFO - uniform : False
INFO - Will load model sensor_complEx.pkl.
INFO - 
--------- Loss ---------
INFO - Name : multiclass_nll
INFO - eta : 20
INFO - 
------ Regularizer -----
INFO - Name : LP
INFO - lambda : 1e-05
INFO - p : 3
INFO - 
------ Optimizer -----
INFO - Name : adam
INFO - lr : 0.0001
INFO - 
------ Initializer -----
INFO - Name : xavier
INFO - uniform : False
WARNING - DeprecationWarning: use_default_protocol will be removed in future. Please use corrupt_side argument instead.
ERROR - X must be either a numpy array or an AmpligraphDatasetAdapter.
INFO - Will load model sensor_complEx.pkl.
INFO - 
--------- Loss ---------
INFO - Name : multiclass_nll
INFO - eta : 20
INFO - 
------ Regularizer -----
INFO - Name : LP
INFO - lambda : 1e-05
INFO - p : 3
INFO - 
------ Optimizer -----
INFO - Name : adam
INFO - lr : 0.0001
INFO - 
------ Initializer -----
INFO - Name : xavier
INFO - uniform : False
ERROR - X must be either a numpy array or an AmpligraphDatasetAdapter.
INFO - Will load model sensor_complEx.pkl.
INFO - 
--------- Loss ---------
INFO - Name : multiclass_nll
INFO - eta : 20
INFO - 
------ Regularizer -----
INFO - Name : LP
INFO - lambda : 1e-05
INFO - p : 3
INFO - 
------ Optimizer -----
INFO - Name : adam
INFO - lr : 0.0001
INFO - 
------ Initializer -----
INFO - Name : xavier
INFO - uniform : False
INFO - Will load model sensor_complEx.pkl.
INFO - 
--------- Loss ---------
INFO - Name : multiclass_nll
INFO - eta : 20
INFO - 
------ Regularizer -----
INFO - Name : LP
INFO - lambda : 1e-05
INFO - p : 3
INFO - 
------ Optimizer -----
INFO - Name : adam
INFO - lr : 0.0001
INFO - 
------ Initializer -----
INFO - Name : xavier
INFO - uniform : False
INFO - Will load model sensor_complEx.pkl.
INFO - 
--------- Loss ---------
INFO - Name : multiclass_nll
INFO - eta : 20
INFO - 
------ Regularizer -----
INFO - Name : LP
INFO - lambda : 1e-05
INFO - p : 3
INFO - 
------ Optimizer -----
INFO - Name : adam
INFO - lr : 0.0001
INFO - 
------ Initializer -----
INFO - Name : xavier
INFO - uniform : False
ERROR - Exactly one of `head`, `relation` or `tail` arguments must be None.
INFO - Will load model sensor_complEx.pkl.
INFO - 
--------- Loss ---------
INFO - Name : multiclass_nll
INFO - eta : 20
INFO - 
------ Regularizer -----
INFO - Name : LP
INFO - lambda : 1e-05
INFO - p : 3
INFO - 
------ Optimizer -----
INFO - Name : adam
INFO - lr : 0.0001
INFO - 
------ Initializer -----
INFO - Name : xavier
INFO - uniform : False
INFO - Will load model sensor_complEx.pkl.
INFO - 
--------- Loss ---------
INFO - Name : multiclass_nll
INFO - eta : 20
INFO - 
------ Regularizer -----
INFO - Name : LP
INFO - lambda : 1e-05
INFO - p : 3
INFO - 
------ Optimizer -----
INFO - Name : adam
INFO - lr : 0.0001
INFO - 
------ Initializer -----
INFO - Name : xavier
INFO - uniform : False
INFO - Will load model sensor_complEx.pkl.
INFO - 
--------- Loss ---------
INFO - Name : multiclass_nll
INFO - eta : 20
INFO - 
------ Regularizer -----
INFO - Name : LP
INFO - lambda : 1e-05
INFO - p : 3
INFO - 
------ Optimizer -----
INFO - Name : adam
INFO - lr : 0.0001
INFO - 
------ Initializer -----
INFO - Name : xavier
INFO - uniform : False
INFO - Will load model sensor_complEx.pkl.
INFO - 
--------- Loss ---------
INFO - Name : multiclass_nll
INFO - eta : 20
INFO - 
------ Regularizer -----
INFO - Name : LP
INFO - lambda : 1e-05
INFO - p : 3
INFO - 
------ Optimizer -----
INFO - Name : adam
INFO - lr : 0.0001
INFO - 
------ Initializer -----
INFO - Name : xavier
INFO - uniform : False
INFO - Will load model sensor_complEx.pkl.
INFO - 
--------- Loss ---------
INFO - Name : multiclass_nll
INFO - eta : 20
INFO - 
------ Regularizer -----
INFO - Name : LP
INFO - lambda : 1e-05
INFO - p : 3
INFO - 
------ Optimizer -----
INFO - Name : adam
INFO - lr : 0.0001
INFO - 
------ Initializer -----
INFO - Name : xavier
INFO - uniform : False
INFO - Will load model sensor_complEx.pkl.
INFO - 
--------- Loss ---------
INFO - Name : multiclass_nll
INFO - eta : 20
INFO - 
------ Regularizer -----
INFO - Name : LP
INFO - lambda : 1e-05
INFO - p : 3
INFO - 
------ Optimizer -----
INFO - Name : adam
INFO - lr : 0.0001
INFO - 
------ Initializer -----
INFO - Name : xavier
INFO - uniform : False
INFO - Will load model sensor_complEx.pkl.
INFO - 
--------- Loss ---------
INFO - Name : multiclass_nll
INFO - eta : 20
INFO - 
------ Regularizer -----
INFO - Name : LP
INFO - lambda : 1e-05
INFO - p : 3
INFO - 
------ Optimizer -----
INFO - Name : adam
INFO - lr : 0.0001
INFO - 
------ Initializer -----
INFO - Name : xavier
INFO - uniform : False
INFO - Will load model sensor_complEx.pkl.
INFO - 
--------- Loss ---------
INFO - Name : multiclass_nll
INFO - eta : 20
INFO - 
------ Regularizer -----
INFO - Name : LP
INFO - lambda : 1e-05
INFO - p : 3
INFO - 
------ Optimizer -----
INFO - Name : adam
INFO - lr : 0.0001
INFO - 
------ Initializer -----
INFO - Name : xavier
INFO - uniform : False
INFO - Will load model sensor_complEx.pkl.
INFO - 
--------- Loss ---------
INFO - Name : multiclass_nll
INFO - eta : 20
INFO - 
------ Regularizer -----
INFO - Name : LP
INFO - lambda : 1e-05
INFO - p : 3
INFO - 
------ Optimizer -----
INFO - Name : adam
INFO - lr : 0.0001
INFO - 
------ Initializer -----
INFO - Name : xavier
INFO - uniform : False
INFO - Will load model sensor_complEx.pkl.
INFO - 
--------- Loss ---------
INFO - Name : multiclass_nll
INFO - eta : 20
INFO - 
------ Regularizer -----
INFO - Name : LP
INFO - lambda : 1e-05
INFO - p : 3
INFO - 
------ Optimizer -----
INFO - Name : adam
INFO - lr : 0.0001
INFO - 
------ Initializer -----
INFO - Name : xavier
INFO - uniform : False
INFO - Will load model sensor_complEx.pkl.
INFO - 
--------- Loss ---------
INFO - Name : multiclass_nll
INFO - eta : 20
INFO - 
------ Regularizer -----
INFO - Name : LP
INFO - lambda : 1e-05
INFO - p : 3
INFO - 
------ Optimizer -----
INFO - Name : adam
INFO - lr : 0.0001
INFO - 
------ Initializer -----
INFO - Name : xavier
INFO - uniform : False
INFO - Will load model sensor_complEx.pkl.
INFO - 
--------- Loss ---------
INFO - Name : multiclass_nll
INFO - eta : 20
INFO - 
------ Regularizer -----
INFO - Name : LP
INFO - lambda : 1e-05
INFO - p : 3
INFO - 
------ Optimizer -----
INFO - Name : adam
INFO - lr : 0.0001
INFO - 
------ Initializer -----
INFO - Name : xavier
INFO - uniform : False
INFO - Will load model sensor_complEx.pkl.
INFO - 
--------- Loss ---------
INFO - Name : multiclass_nll
INFO - eta : 20
INFO - 
------ Regularizer -----
INFO - Name : LP
INFO - lambda : 1e-05
INFO - p : 3
INFO - 
------ Optimizer -----
INFO - Name : adam
INFO - lr : 0.0001
INFO - 
------ Initializer -----
INFO - Name : xavier
INFO - uniform : False
INFO - Will load model sensor_complEx.pkl.
INFO - 
--------- Loss ---------
INFO - Name : multiclass_nll
INFO - eta : 20
INFO - 
------ Regularizer -----
INFO - Name : LP
INFO - lambda : 1e-05
INFO - p : 3
INFO - 
------ Optimizer -----
INFO - Name : adam
INFO - lr : 0.0001
INFO - 
------ Initializer -----
INFO - Name : xavier
INFO - uniform : False
INFO - Will load model sensor_complEx.pkl.
INFO - 
--------- Loss ---------
INFO - Name : multiclass_nll
INFO - eta : 20
INFO - 
------ Regularizer -----
INFO - Name : LP
INFO - lambda : 1e-05
INFO - p : 3
INFO - 
------ Optimizer -----
INFO - Name : adam
INFO - lr : 0.0001
INFO - 
------ Initializer -----
INFO - Name : xavier
INFO - uniform : False
INFO - Will load model sensor_complEx.pkl.
INFO - 
--------- Loss ---------
INFO - Name : multiclass_nll
INFO - eta : 20
INFO - 
------ Regularizer -----
INFO - Name : LP
INFO - lambda : 1e-05
INFO - p : 3
INFO - 
------ Optimizer -----
INFO - Name : adam
INFO - lr : 0.0001
INFO - 
------ Initializer -----
INFO - Name : xavier
INFO - uniform : False
INFO - Will load model sensor_complEx.pkl.
INFO - 
--------- Loss ---------
INFO - Name : multiclass_nll
INFO - eta : 20
INFO - 
------ Regularizer -----
INFO - Name : LP
INFO - lambda : 1e-05
INFO - p : 3
INFO - 
------ Optimizer -----
INFO - Name : adam
INFO - lr : 0.0001
INFO - 
------ Initializer -----
INFO - Name : xavier
INFO - uniform : False
INFO - Will load model sensor_complEx.pkl.
INFO - 
--------- Loss ---------
INFO - Name : multiclass_nll
INFO - eta : 20
INFO - 
------ Regularizer -----
INFO - Name : LP
INFO - lambda : 1e-05
INFO - p : 3
INFO - 
------ Optimizer -----
INFO - Name : adam
INFO - lr : 0.0001
INFO - 
------ Initializer -----
INFO - Name : xavier
INFO - uniform : False
INFO - Will load model sensor_complEx.pkl.
INFO - 
--------- Loss ---------
INFO - Name : multiclass_nll
INFO - eta : 20
INFO - 
------ Regularizer -----
INFO - Name : LP
INFO - lambda : 1e-05
INFO - p : 3
INFO - 
------ Optimizer -----
INFO - Name : adam
INFO - lr : 0.0001
INFO - 
------ Initializer -----
INFO - Name : xavier
INFO - uniform : False
INFO - Will load model sensor_complEx.pkl.
INFO - 
--------- Loss ---------
INFO - Name : multiclass_nll
INFO - eta : 20
INFO - 
------ Regularizer -----
INFO - Name : LP
INFO - lambda : 1e-05
INFO - p : 3
INFO - 
------ Optimizer -----
INFO - Name : adam
INFO - lr : 0.0001
INFO - 
------ Initializer -----
INFO - Name : xavier
INFO - uniform : False
INFO - Will load model sensor_complEx.pkl.
INFO - 
--------- Loss ---------
INFO - Name : multiclass_nll
INFO - eta : 20
INFO - 
------ Regularizer -----
INFO - Name : LP
INFO - lambda : 1e-05
INFO - p : 3
INFO - 
------ Optimizer -----
INFO - Name : adam
INFO - lr : 0.0001
INFO - 
------ Initializer -----
INFO - Name : xavier
INFO - uniform : False
INFO - Will load model sensor_complEx.pkl.
INFO - 
--------- Loss ---------
INFO - Name : multiclass_nll
INFO - eta : 20
INFO - 
------ Regularizer -----
INFO - Name : LP
INFO - lambda : 1e-05
INFO - p : 3
INFO - 
------ Optimizer -----
INFO - Name : adam
INFO - lr : 0.0001
INFO - 
------ Initializer -----
INFO - Name : xavier
INFO - uniform : False
